Arguments: 
  /usr/local/bin/node /usr/local/bin/yarn add xlsx

PATH: 
  /Library/Frameworks/Python.framework/Versions/3.10/bin:/usr/local/bin:/usr/bin:/bin:/usr/sbin:/sbin:/usr/local/go/bin:/Library/Frameworks/Python.framework/Versions/3.10/bin

Yarn version: 
  1.22.19

Node version: 
  16.15.1

Platform: 
  darwin arm64

Trace: 
  Error: https://github.com/web3-js/WebSocket-Node: ESOCKETTIMEDOUT
      at ClientRequest.<anonymous> (/usr/local/lib/node_modules/yarn/lib/cli.js:141517:19)
      at Object.onceWrapper (node:events:641:28)
      at ClientRequest.emit (node:events:527:28)
      at TLSSocket.emitRequestTimeout (node:_http_client:771:9)
      at Object.onceWrapper (node:events:641:28)
      at TLSSocket.emit (node:events:539:35)
      at TLSSocket.Socket._onTimeout (node:net:516:8)
      at listOnTimeout (node:internal/timers:559:17)
      at processTimers (node:internal/timers:502:7)

npm manifest: 
  {
    "name": "hardhat-project",
    "devDependencies": {
      "@nomiclabs/hardhat-ethers": "^2.0.6",
      "@nomiclabs/hardhat-waffle": "^2.0.3",
      "chai": "^4.3.6",
      "ethereum-waffle": "^3.4.4",
      "ethers": "^5.6.8",
      "hardhat": "^2.9.9"
    },
    "dependencies": {
      "@openzeppelin/contracts": "^4.6.0",
      "@pancakeswap-libs/pancake-swap-core": "^0.1.0",
      "@uniswap/lib": "^4.0.1-alpha",
      "@uniswap/v2-core": "^1.0.1"
    }
  }

yarn manifest: 
  No manifest

Lockfile: 
  No lockfile
